   1               		.file	"USBInterrupt.c"
   2               	__SREG__ = 0x3f
   3               	__SP_H__ = 0x3e
   4               	__SP_L__ = 0x3d
   5               	__CCP__  = 0x34
   6               	__tmp_reg__ = 0
   7               	__zero_reg__ = 1
   8               		.global __do_copy_data
   9               		.global __do_clear_bss
  17               	.Ltext0:
  18               		.section	.text.USB_INT_DisableAllInterrupts,"ax",@progbits
  19               	.global	USB_INT_DisableAllInterrupts
  21               	USB_INT_DisableAllInterrupts:
  22               	.LFB65:
  23               	.LSM0:
  24               	/* prologue: function */
  25               	/* frame size = 0 */
  26               	.LSM1:
  27 0000 1092 E200 		sts 226,__zero_reg__
  28               	/* epilogue start */
  29               	.LSM2:
  30 0004 0895      		ret
  31               	.LFE65:
  33               		.section	.text.USB_INT_ClearAllInterrupts,"ax",@progbits
  34               	.global	USB_INT_ClearAllInterrupts
  36               	USB_INT_ClearAllInterrupts:
  37               	.LFB66:
  38               	.LSM3:
  39               	/* prologue: function */
  40               	/* frame size = 0 */
  41               	.LSM4:
  42 0000 1092 E100 		sts 225,__zero_reg__
  43               	/* epilogue start */
  44               	.LSM5:
  45 0004 0895      		ret
  46               	.LFE66:
  48               		.section	.text.__vector_11,"ax",@progbits
  49               	.global	__vector_11
  51               	__vector_11:
  52               	.LFB67:
  53               	.LSM6:
  54 0000 1F92      		push __zero_reg__
  55 0002 0F92      		push r0
  56 0004 0FB6      		in r0,__SREG__
  57 0006 0F92      		push r0
  58 0008 1124      		clr __zero_reg__
  59 000a 2F93      		push r18
  60 000c 3F93      		push r19
  61 000e 4F93      		push r20
  62 0010 5F93      		push r21
  63 0012 6F93      		push r22
  64 0014 7F93      		push r23
  65 0016 8F93      		push r24
  66 0018 9F93      		push r25
  67 001a AF93      		push r26
  68 001c BF93      		push r27
  69 001e EF93      		push r30
  70 0020 FF93      		push r31
  71               	/* prologue: Signal */
  72               	/* frame size = 0 */
  73               	.LSM7:
  74 0022 8091 E100 		lds r24,225
  75 0026 80FF      		sbrs r24,0
  76 0028 00C0      		rjmp .L6
  77 002a 8091 E200 		lds r24,226
  78 002e 80FF      		sbrs r24,0
  79 0030 00C0      		rjmp .L6
  80               	.LSM8:
  81 0032 8091 E100 		lds r24,225
  82 0036 8E7F      		andi r24,lo8(-2)
  83 0038 8093 E100 		sts 225,r24
  84               	.LSM9:
  85 003c 8091 E200 		lds r24,226
  86 0040 8E7F      		andi r24,lo8(-2)
  87 0042 8093 E200 		sts 226,r24
  88               	.LSM10:
  89 0046 8091 E200 		lds r24,226
  90 004a 8061      		ori r24,lo8(16)
  91 004c 8093 E200 		sts 226,r24
  92               	.LBB18:
  93               	.LBB19:
  94               	.LSM11:
  95 0050 8091 D800 		lds r24,216
  96 0054 8062      		ori r24,lo8(32)
  97 0056 8093 D800 		sts 216,r24
  98               	.LBE19:
  99               	.LBE18:
 100               	.LBB20:
 101               	.LBB21:
 102               	.LSM12:
 103 005a 19BC      		out 73-32,__zero_reg__
 104               	.LBE21:
 105               	.LBE20:
 106               	.LSM13:
 107 005c 1092 0000 		sts USB_DeviceState,__zero_reg__
 108               	.LSM14:
 109 0060 0E94 0000 		call EVENT_USB_Device_Disconnect
 110               	.L6:
 111               	.LSM15:
 112 0064 8091 E100 		lds r24,225
 113 0068 84FF      		sbrs r24,4
 114 006a 00C0      		rjmp .L7
 115 006c 8091 E200 		lds r24,226
 116 0070 84FF      		sbrs r24,4
 117 0072 00C0      		rjmp .L7
 118               	.LBB22:
 119               	.LBB23:
 120               	.LSM16:
 121 0074 19BC      		out 73-32,__zero_reg__
 122               	.LSM17:
 123 0076 89B5      		in r24,73-32
 124 0078 8260      		ori r24,lo8(2)
 125 007a 89BD      		out 73-32,r24
 126               	.L8:
 127               	.LBE23:
 128               	.LBE22:
 129               	.LSM18:
 130 007c 09B4      		in __tmp_reg__,73-32
 131 007e 00FE      		sbrs __tmp_reg__,0
 132 0080 00C0      		rjmp .L8
 133               	.LBB24:
 134               	.LBB25:
 135               	.LSM19:
 136 0082 8091 D800 		lds r24,216
 137 0086 8F7D      		andi r24,lo8(-33)
 138 0088 8093 D800 		sts 216,r24
 139               	.LBE25:
 140               	.LBE24:
 141               	.LSM20:
 142 008c 8091 E100 		lds r24,225
 143 0090 8F7E      		andi r24,lo8(-17)
 144 0092 8093 E100 		sts 225,r24
 145               	.LSM21:
 146 0096 8091 E200 		lds r24,226
 147 009a 8F7E      		andi r24,lo8(-17)
 148 009c 8093 E200 		sts 226,r24
 149               	.LSM22:
 150 00a0 8091 E200 		lds r24,226
 151 00a4 8160      		ori r24,lo8(1)
 152 00a6 8093 E200 		sts 226,r24
 153               	.LSM23:
 154 00aa 8091 0000 		lds r24,USB_ConfigurationNumber
 155 00ae 8823      		tst r24
 156 00b0 01F4      		brne .L9
 157 00b2 81E0      		ldi r24,lo8(1)
 158               	.LVL0:
 159 00b4 00C0      		rjmp .L10
 160               	.LVL1:
 161               	.L9:
 162 00b6 84E0      		ldi r24,lo8(4)
 163               	.LVL2:
 164               	.L10:
 165 00b8 8093 0000 		sts USB_DeviceState,r24
 166               	.LSM24:
 167 00bc 0E94 0000 		call EVENT_USB_Device_Connect
 168               	.LVL3:
 169               	.L7:
 170               	.LSM25:
 171 00c0 8091 E100 		lds r24,225
 172 00c4 83FF      		sbrs r24,3
 173 00c6 00C0      		rjmp .L11
 174 00c8 8091 E200 		lds r24,226
 175 00cc 83FF      		sbrs r24,3
 176 00ce 00C0      		rjmp .L11
 177               	.LSM26:
 178 00d0 8091 E100 		lds r24,225
 179 00d4 877F      		andi r24,lo8(-9)
 180 00d6 8093 E100 		sts 225,r24
 181               	.LSM27:
 182 00da 82E0      		ldi r24,lo8(2)
 183 00dc 8093 0000 		sts USB_DeviceState,r24
 184               	.LSM28:
 185 00e0 1092 0000 		sts USB_ConfigurationNumber,__zero_reg__
 186               	.LSM29:
 187 00e4 8091 E100 		lds r24,225
 188 00e8 8E7F      		andi r24,lo8(-2)
 189 00ea 8093 E100 		sts 225,r24
 190               	.LSM30:
 191 00ee 8091 E200 		lds r24,226
 192 00f2 8E7F      		andi r24,lo8(-2)
 193 00f4 8093 E200 		sts 226,r24
 194               	.LSM31:
 195 00f8 8091 E200 		lds r24,226
 196 00fc 8061      		ori r24,lo8(16)
 197 00fe 8093 E200 		sts 226,r24
 198               	.LSM32:
 199 0102 0E94 0000 		call Endpoint_ClearEndpoints
 200               	.LBB26:
 201               	.LBB27:
 202               	.LSM33:
 203 0106 80E0      		ldi r24,lo8(0)
 204 0108 60E0      		ldi r22,lo8(0)
 205 010a 42E0      		ldi r20,lo8(2)
 206 010c 0E94 0000 		call Endpoint_ConfigureEndpoint_Prv
 207               	.LBE27:
 208               	.LBE26:
 209               	.LSM34:
 210 0110 0E94 0000 		call EVENT_USB_Device_Reset
 211               	.L11:
 212               	.LSM35:
 213 0114 8091 E100 		lds r24,225
 214 0118 82FF      		sbrs r24,2
 215 011a 00C0      		rjmp .L13
 216 011c 8091 E200 		lds r24,226
 217 0120 82FF      		sbrs r24,2
 218 0122 00C0      		rjmp .L13
 219               	.LSM36:
 220 0124 8091 E100 		lds r24,225
 221 0128 8B7F      		andi r24,lo8(-5)
 222 012a 8093 E100 		sts 225,r24
 223               	.LSM37:
 224 012e 0E94 0000 		call EVENT_USB_Device_StartOfFrame
 225               	.L13:
 226               	/* epilogue start */
 227               	.LSM38:
 228 0132 FF91      		pop r31
 229 0134 EF91      		pop r30
 230 0136 BF91      		pop r27
 231 0138 AF91      		pop r26
 232 013a 9F91      		pop r25
 233 013c 8F91      		pop r24
 234 013e 7F91      		pop r23
 235 0140 6F91      		pop r22
 236 0142 5F91      		pop r21
 237 0144 4F91      		pop r20
 238 0146 3F91      		pop r19
 239 0148 2F91      		pop r18
 240 014a 0F90      		pop r0
 241 014c 0FBE      		out __SREG__,r0
 242 014e 0F90      		pop r0
 243 0150 1F90      		pop __zero_reg__
 244 0152 1895      		reti
 245               	.LFE67:
 287               	.Letext0:
DEFINED SYMBOLS
                            *ABS*:00000000 USBInterrupt.c
     /tmp/ccCE0RAn.s:2      *ABS*:0000003f __SREG__
     /tmp/ccCE0RAn.s:3      *ABS*:0000003e __SP_H__
     /tmp/ccCE0RAn.s:4      *ABS*:0000003d __SP_L__
     /tmp/ccCE0RAn.s:5      *ABS*:00000034 __CCP__
     /tmp/ccCE0RAn.s:6      *ABS*:00000000 __tmp_reg__
     /tmp/ccCE0RAn.s:7      *ABS*:00000001 __zero_reg__
     /tmp/ccCE0RAn.s:21     .text.USB_INT_DisableAllInterrupts:00000000 USB_INT_DisableAllInterrupts
     /tmp/ccCE0RAn.s:36     .text.USB_INT_ClearAllInterrupts:00000000 USB_INT_ClearAllInterrupts
     /tmp/ccCE0RAn.s:51     .text.__vector_11:00000000 __vector_11

UNDEFINED SYMBOLS
__do_copy_data
__do_clear_bss
USB_DeviceState
EVENT_USB_Device_Disconnect
USB_ConfigurationNumber
EVENT_USB_Device_Connect
Endpoint_ClearEndpoints
Endpoint_ConfigureEndpoint_Prv
EVENT_USB_Device_Reset
EVENT_USB_Device_StartOfFrame
