   1               		.file	"Temperature.c"
   2               	__SREG__ = 0x3f
   3               	__SP_H__ = 0x3e
   4               	__SP_L__ = 0x3d
   5               	__CCP__  = 0x34
   6               	__tmp_reg__ = 0
   7               	__zero_reg__ = 1
   8               		.global __do_copy_data
   9               		.global __do_clear_bss
  17               	.Ltext0:
  18               		.section	.text.Temperature_GetTemperature,"ax",@progbits
  19               	.global	Temperature_GetTemperature
  21               	Temperature_GetTemperature:
  22               	.LFB16:
  23               	.LSM0:
  24               	/* prologue: function */
  25               	/* frame size = 0 */
  26               	.LBB19:
  27               	.LBB20:
  28               	.LBB21:
  29               	.LBB22:
  30               	.LSM1:
  31 0000 80E4      		ldi r24,lo8(64)
  32 0002 8093 7C00 		sts 124,r24
  33               	.LSM2:
  34 0006 8091 7A00 		lds r24,122
  35 000a 8064      		ori r24,lo8(64)
  36 000c 8093 7A00 		sts 122,r24
  37               	.L2:
  38               	.LBE22:
  39               	.LBE21:
  40               	.LBB23:
  41               	.LBB24:
  42               	.LSM3:
  43 0010 8091 7A00 		lds r24,122
  44               	.LBE24:
  45               	.LBE23:
  46               	.LSM4:
  47 0014 84FF      		sbrs r24,4
  48 0016 00C0      		rjmp .L2
  49               	.LBB25:
  50               	.LBB26:
  51               	.LSM5:
  52 0018 8091 7A00 		lds r24,122
  53 001c 8061      		ori r24,lo8(16)
  54 001e 8093 7A00 		sts 122,r24
  55               	.LSM6:
  56 0022 6091 7800 		lds r22,120
  57 0026 7091 7900 		lds r23,(120)+1
  58               	.LVL0:
  59               	.LBE26:
  60               	.LBE25:
  61               	.LBE20:
  62               	.LBE19:
  63               	.LBB27:
  64               	.LSM7:
  65 002a 40E0      		ldi r20,lo8(Temperature_Lookup)
  66 002c 50E0      		ldi r21,hi8(Temperature_Lookup)
  67               	.LVL1:
  68 002e FA01      		movw r30,r20
  69               	/* #APP */
  70               	 ;  50 "../../LUFA/Drivers/Board/Temperature.c" 1
  71 0030 8591      		lpm r24, Z+
  72 0032 9491      		lpm r25, Z
  73               		
  74               	 ;  0 "" 2
  75               	.LVL2:
  76               	/* #NOAPP */
  77               	.LBE27:
  78 0034 8617      		cp r24,r22
  79 0036 9707      		cpc r25,r23
  80 0038 00F4      		brsh .L3
  81 003a 8BEE      		ldi r24,lo8(-21)
  82               	.LVL3:
  83 003c 0895      		ret
  84               	.LVL4:
  85               	.L3:
  86 003e 20E0      		ldi r18,lo8(0)
  87 0040 30E0      		ldi r19,hi8(0)
  88               	.LVL5:
  89               	.L6:
  90               	.LBB28:
  91               	.LBB29:
  92               	.LSM8:
  93 0042 FA01      		movw r30,r20
  94               	/* #APP */
  95               	 ;  55 "../../LUFA/Drivers/Board/Temperature.c" 1
  96 0044 8591      		lpm r24, Z+
  97 0046 9491      		lpm r25, Z
  98               		
  99               	 ;  0 "" 2
 100               	.LVL6:
 101               	/* #NOAPP */
 102               	.LBE29:
 103 0048 8617      		cp r24,r22
 104 004a 9707      		cpc r25,r23
 105 004c 00F4      		brsh .L5
 106               	.LSM9:
 107 004e 822F      		mov r24,r18
 108               	.LVL7:
 109 0050 8551      		subi r24,lo8(-(-21))
 110 0052 0895      		ret
 111               	.LVL8:
 112               	.L5:
 113               	.LSM10:
 114 0054 2F5F      		subi r18,lo8(-(1))
 115 0056 3F4F      		sbci r19,hi8(-(1))
 116 0058 4E5F      		subi r20,lo8(-(2))
 117 005a 5F4F      		sbci r21,hi8(-(2))
 118 005c 2837      		cpi r18,120
 119 005e 3105      		cpc r19,__zero_reg__
 120 0060 01F4      		brne .L6
 121 0062 82E6      		ldi r24,lo8(98)
 122               	.LVL9:
 123               	.LBE28:
 124               	.LSM11:
 125 0064 0895      		ret
 126               	.LFE16:
 128               		.section	.progmem.data,"a",@progbits
 131               	Temperature_Lookup:
 132 0000 B403      		.word	948
 133 0002 B003      		.word	944
 134 0004 AB03      		.word	939
 135 0006 A603      		.word	934
 136 0008 A003      		.word	928
 137 000a 9A03      		.word	922
 138 000c 9403      		.word	916
 139 000e 8E03      		.word	910
 140 0010 8803      		.word	904
 141 0012 8103      		.word	897
 142 0014 7A03      		.word	890
 143 0016 7303      		.word	883
 144 0018 6B03      		.word	875
 145 001a 6303      		.word	867
 146 001c 5B03      		.word	859
 147 001e 5303      		.word	851
 148 0020 4A03      		.word	842
 149 0022 4103      		.word	833
 150 0024 3803      		.word	824
 151 0026 2F03      		.word	815
 152 0028 2503      		.word	805
 153 002a 1B03      		.word	795
 154 002c 1103      		.word	785
 155 002e 0703      		.word	775
 156 0030 FC02      		.word	764
 157 0032 F102      		.word	753
 158 0034 E602      		.word	742
 159 0036 DB02      		.word	731
 160 0038 D002      		.word	720
 161 003a C402      		.word	708
 162 003c B802      		.word	696
 163 003e AC02      		.word	684
 164 0040 A002      		.word	672
 165 0042 9402      		.word	660
 166 0044 8802      		.word	648
 167 0046 7C02      		.word	636
 168 0048 6F02      		.word	623
 169 004a 6302      		.word	611
 170 004c 5602      		.word	598
 171 004e 4A02      		.word	586
 172 0050 3D02      		.word	573
 173 0052 3102      		.word	561
 174 0054 2502      		.word	549
 175 0056 1802      		.word	536
 176 0058 0C02      		.word	524
 177 005a 0002      		.word	512
 178 005c F301      		.word	499
 179 005e E701      		.word	487
 180 0060 DB01      		.word	475
 181 0062 CF01      		.word	463
 182 0064 C401      		.word	452
 183 0066 B801      		.word	440
 184 0068 AC01      		.word	428
 185 006a A101      		.word	417
 186 006c 9601      		.word	406
 187 006e 8B01      		.word	395
 188 0070 8001      		.word	384
 189 0072 7601      		.word	374
 190 0074 6B01      		.word	363
 191 0076 6101      		.word	353
 192 0078 5701      		.word	343
 193 007a 4D01      		.word	333
 194 007c 4401      		.word	324
 195 007e 3A01      		.word	314
 196 0080 3101      		.word	305
 197 0082 2801      		.word	296
 198 0084 1F01      		.word	287
 199 0086 1701      		.word	279
 200 0088 0F01      		.word	271
 201 008a 0601      		.word	262
 202 008c FE00      		.word	254
 203 008e F700      		.word	247
 204 0090 EF00      		.word	239
 205 0092 E800      		.word	232
 206 0094 E100      		.word	225
 207 0096 DA00      		.word	218
 208 0098 D300      		.word	211
 209 009a CD00      		.word	205
 210 009c C700      		.word	199
 211 009e C000      		.word	192
 212 00a0 BA00      		.word	186
 213 00a2 B500      		.word	181
 214 00a4 AF00      		.word	175
 215 00a6 AA00      		.word	170
 216 00a8 A400      		.word	164
 217 00aa 9F00      		.word	159
 218 00ac 9A00      		.word	154
 219 00ae 9600      		.word	150
 220 00b0 9100      		.word	145
 221 00b2 8C00      		.word	140
 222 00b4 8800      		.word	136
 223 00b6 8400      		.word	132
 224 00b8 8000      		.word	128
 225 00ba 7C00      		.word	124
 226 00bc 7800      		.word	120
 227 00be 7400      		.word	116
 228 00c0 7100      		.word	113
 229 00c2 6D00      		.word	109
 230 00c4 6A00      		.word	106
 231 00c6 6700      		.word	103
 232 00c8 6400      		.word	100
 233 00ca 6100      		.word	97
 234 00cc 5E00      		.word	94
 235 00ce 5B00      		.word	91
 236 00d0 5800      		.word	88
 237 00d2 5500      		.word	85
 238 00d4 5300      		.word	83
 239 00d6 5000      		.word	80
 240 00d8 4E00      		.word	78
 241 00da 4C00      		.word	76
 242 00dc 4900      		.word	73
 243 00de 4700      		.word	71
 244 00e0 4500      		.word	69
 245 00e2 4300      		.word	67
 246 00e4 4100      		.word	65
 247 00e6 3F00      		.word	63
 248 00e8 3D00      		.word	61
 249 00ea 3C00      		.word	60
 250 00ec 3A00      		.word	58
 251 00ee 3800      		.word	56
 276               	.Letext0:
DEFINED SYMBOLS
                            *ABS*:00000000 Temperature.c
     /tmp/ccVIt7ci.s:2      *ABS*:0000003f __SREG__
     /tmp/ccVIt7ci.s:3      *ABS*:0000003e __SP_H__
     /tmp/ccVIt7ci.s:4      *ABS*:0000003d __SP_L__
     /tmp/ccVIt7ci.s:5      *ABS*:00000034 __CCP__
     /tmp/ccVIt7ci.s:6      *ABS*:00000000 __tmp_reg__
     /tmp/ccVIt7ci.s:7      *ABS*:00000001 __zero_reg__
     /tmp/ccVIt7ci.s:21     .text.Temperature_GetTemperature:00000000 Temperature_GetTemperature
     /tmp/ccVIt7ci.s:131    .progmem.data:00000000 Temperature_Lookup

UNDEFINED SYMBOLS
__do_copy_data
__do_clear_bss
